<?xml version="1.0" encoding="UTF-8"?>
<!-- Generated by org.testng.reporters.JUnitReportReporter -->
<testsuite hostname="DESKTOP-SL4U3V5" failures="0" tests="4" name="jbkselinium1.Testclass1" time="30.135" errors="2" timestamp="2021-10-29T15:37:08 IST" skipped="0">
  <testcase classname="jbkselinium1.Testclass1" name="test3" time="7.248">
    <error message="no such window: target window already closed
from unknown error: web view not found
  (Session info: chrome=95.0.4638.54)
Build info: version: &#039;3.9.0&#039;, revision: &#039;698b3178f0&#039;, time: &#039;2018-02-05T14:56:13.134Z&#039;
System info: host: &#039;DESKTOP-SL4U3V5&#039;, ip: &#039;192.168.1.201&#039;, os.name: &#039;Windows 10&#039;, os.arch: &#039;amd64&#039;, os.version: &#039;10.0&#039;, java.version: &#039;11.0.10&#039;
Driver info: org.openqa.selenium.chrome.ChromeDriver
Capabilities {acceptInsecureCerts: false, browserName: chrome, browserVersion: 95.0.4638.54, chrome: {chromedriverVersion: 94.0.4606.61 (418b78f5838ed..., userDataDir: C:\Users\Lenovo\AppData\Loc...}, goog:chromeOptions: {debuggerAddress: localhost:57352}, javascriptEnabled: true, networkConnectionEnabled: false, pageLoadStrategy: normal, platform: WINDOWS, platformName: WINDOWS, proxy: Proxy(), setWindowRect: true, strictFileInteractability: false, timeouts: {implicit: 0, pageLoad: 300000, script: 30000}, unhandledPromptBehavior: dismiss and notify, webauthn:extension:credBlob: true, webauthn:extension:largeBlob: true, webauthn:virtualAuthenticators: true}
Session ID: 1a2900a44e75a02df1d09a85930d2637
*** Element info: {Using=xpath, value=/html/body/div/div[2]/p}" type="org.openqa.selenium.NoSuchWindowException">
      <![CDATA[org.openqa.selenium.NoSuchWindowException: no such window: target window already closed
from unknown error: web view not found
  (Session info: chrome=95.0.4638.54)
Build info: version: '3.9.0', revision: '698b3178f0', time: '2018-02-05T14:56:13.134Z'
System info: host: 'DESKTOP-SL4U3V5', ip: '192.168.1.201', os.name: 'Windows 10', os.arch: 'amd64', os.version: '10.0', java.version: '11.0.10'
Driver info: org.openqa.selenium.chrome.ChromeDriver
Capabilities {acceptInsecureCerts: false, browserName: chrome, browserVersion: 95.0.4638.54, chrome: {chromedriverVersion: 94.0.4606.61 (418b78f5838ed..., userDataDir: C:\Users\Lenovo\AppData\Loc...}, goog:chromeOptions: {debuggerAddress: localhost:57352}, javascriptEnabled: true, networkConnectionEnabled: false, pageLoadStrategy: normal, platform: WINDOWS, platformName: WINDOWS, proxy: Proxy(), setWindowRect: true, strictFileInteractability: false, timeouts: {implicit: 0, pageLoad: 300000, script: 30000}, unhandledPromptBehavior: dismiss and notify, webauthn:extension:credBlob: true, webauthn:extension:largeBlob: true, webauthn:virtualAuthenticators: true}
Session ID: 1a2900a44e75a02df1d09a85930d2637
*** Element info: {Using=xpath, value=/html/body/div/div[2]/p}
at java.base/jdk.internal.reflect.NativeConstructorAccessorImpl.newInstance0(Native Method)
at java.base/jdk.internal.reflect.NativeConstructorAccessorImpl.newInstance(NativeConstructorAccessorImpl.java:62)
at java.base/jdk.internal.reflect.DelegatingConstructorAccessorImpl.newInstance(DelegatingConstructorAccessorImpl.java:45)
at java.base/java.lang.reflect.Constructor.newInstance(Constructor.java:490)
at org.openqa.selenium.remote.http.W3CHttpResponseCodec.createException(W3CHttpResponseCodec.java:187)
at org.openqa.selenium.remote.http.W3CHttpResponseCodec.decode(W3CHttpResponseCodec.java:122)
at org.openqa.selenium.remote.http.W3CHttpResponseCodec.decode(W3CHttpResponseCodec.java:49)
at org.openqa.selenium.remote.HttpCommandExecutor.execute(HttpCommandExecutor.java:160)
at org.openqa.selenium.remote.service.DriverCommandExecutor.execute(DriverCommandExecutor.java:83)
at org.openqa.selenium.remote.RemoteWebDriver.execute(RemoteWebDriver.java:601)
at org.openqa.selenium.remote.RemoteWebDriver.findElement(RemoteWebDriver.java:371)
at org.openqa.selenium.remote.RemoteWebDriver.findElementByXPath(RemoteWebDriver.java:473)
at org.openqa.selenium.By$ByXPath.findElement(By.java:361)
at org.openqa.selenium.remote.RemoteWebDriver.findElement(RemoteWebDriver.java:363)
at jbkselinium1.Testclass1.test3(Testclass1.java:45)
at java.base/jdk.internal.reflect.NativeMethodAccessorImpl.invoke0(Native Method)
at java.base/jdk.internal.reflect.NativeMethodAccessorImpl.invoke(NativeMethodAccessorImpl.java:62)
at java.base/jdk.internal.reflect.DelegatingMethodAccessorImpl.invoke(DelegatingMethodAccessorImpl.java:43)
at java.base/java.lang.reflect.Method.invoke(Method.java:566)
at org.testng.internal.MethodInvocationHelper.invokeMethod(MethodInvocationHelper.java:133)
at org.testng.internal.TestInvoker.invokeMethod(TestInvoker.java:598)
at org.testng.internal.TestInvoker.invokeTestMethod(TestInvoker.java:173)
at org.testng.internal.MethodRunner.runInSequence(MethodRunner.java:46)
at org.testng.internal.TestInvoker$MethodInvocationAgent.invoke(TestInvoker.java:824)
at org.testng.internal.TestInvoker.invokeTestMethods(TestInvoker.java:146)
at org.testng.internal.TestMethodWorker.invokeTestMethods(TestMethodWorker.java:146)
at org.testng.internal.TestMethodWorker.run(TestMethodWorker.java:128)
at java.base/java.util.ArrayList.forEach(ArrayList.java:1541)
at org.testng.TestRunner.privateRun(TestRunner.java:794)
at org.testng.TestRunner.run(TestRunner.java:596)
at org.testng.SuiteRunner.runTest(SuiteRunner.java:377)
at org.testng.SuiteRunner.runSequentially(SuiteRunner.java:371)
at org.testng.SuiteRunner.privateRun(SuiteRunner.java:332)
at org.testng.SuiteRunner.run(SuiteRunner.java:276)
at org.testng.SuiteRunnerWorker.runSuite(SuiteRunnerWorker.java:53)
at org.testng.SuiteRunnerWorker.run(SuiteRunnerWorker.java:96)
at org.testng.TestNG.runSuitesSequentially(TestNG.java:1212)
at org.testng.TestNG.runSuitesLocally(TestNG.java:1134)
at org.testng.TestNG.runSuites(TestNG.java:1063)
at org.testng.TestNG.run(TestNG.java:1031)
at org.testng.remote.AbstractRemoteTestNG.run(AbstractRemoteTestNG.java:115)
at org.testng.remote.RemoteTestNG.initAndRun(RemoteTestNG.java:251)
at org.testng.remote.RemoteTestNG.main(RemoteTestNG.java:77)
]]>
    </error>
  </testcase> <!-- test3 -->
  <system-out/>
  <testcase classname="jbkselinium1.Testclass1" name="test4" time="10.033"/>
  <system-out/>
  <testcase classname="jbkselinium1.Testclass1" name="test2" time="11.019"/>
  <system-out/>
  <testcase classname="jbkselinium1.Testclass1" name="test5" time="1.835">
    <error message="session not created
from disconnected: received Inspector.detached event
  (Session info: chrome=95.0.4638.54)
Build info: version: &#039;3.9.0&#039;, revision: &#039;698b3178f0&#039;, time: &#039;2018-02-05T14:56:13.134Z&#039;
System info: host: &#039;DESKTOP-SL4U3V5&#039;, ip: &#039;192.168.1.201&#039;, os.name: &#039;Windows 10&#039;, os.arch: &#039;amd64&#039;, os.version: &#039;10.0&#039;, java.version: &#039;11.0.10&#039;
Driver info: driver.version: ChromeDriver
remote stacktrace: Backtrace:
	Ordinal0 [0x00F3BDE3+2473443]
	Ordinal0 [0x00ED6661+2057825]
	Ordinal0 [0x00DE2438+1057848]
	Ordinal0 [0x00DD5774+1005428]
	Ordinal0 [0x00DD53B6+1004470]
	Ordinal0 [0x00DD4AFA+1002234]
	Ordinal0 [0x00DD3C8D+998541]
	Ordinal0 [0x00DD3F46+999238]
	Ordinal0 [0x00DD3835+997429]
	Ordinal0 [0x00DDE524+1041700]
	Ordinal0 [0x00DD37F1+997361]
	Ordinal0 [0x00DD4716+1001238]
	Ordinal0 [0x00DD3C8D+998541]
	Ordinal0 [0x00DD3F46+999238]
	Ordinal0 [0x00DD3835+997429]
	Ordinal0 [0x00DDC4FA+1033466]
	Ordinal0 [0x00DD37F1+997361]
	Ordinal0 [0x00DD4716+1001238]
	Ordinal0 [0x00DD3C8D+998541]
	Ordinal0 [0x00DD3F46+999238]
	Ordinal0 [0x00DD3835+997429]
	Ordinal0 [0x00DDA319+1024793]
	Ordinal0 [0x00DD37F1+997361]
	Ordinal0 [0x00DD4716+1001238]
	Ordinal0 [0x00DD3C8D+998541]
	Ordinal0 [0x00DD3F46+999238]
	Ordinal0 [0x00DD3835+997429]
	Ordinal0 [0x00DD963C+1021500]
	Ordinal0 [0x00DD37F1+997361]
	Ordinal0 [0x00DD4716+1001238]
	Ordinal0 [0x00DD3C8D+998541]
	Ordinal0 [0x00DD3F46+999238]
	Ordinal0 [0x00DD3835+997429]
	Ordinal0 [0x00DCF41D+979997]
	Ordinal0 [0x00DD37F1+997361]
	Ordinal0 [0x00DD3590+996752]
	Ordinal0 [0x00DD3329+996137]
	Ordinal0 [0x00DE3650+1062480]
	Ordinal0 [0x00E2AAAA+1354410]
	Ordinal0 [0x00E2974A+1349450]
	Ordinal0 [0x00E255AB+1332651]
	Ordinal0 [0x00E02104+1188100]
	Ordinal0 [0x00E02F59+1191769]
	GetHandleVerifier [0x010C2266+1549718]
	GetHandleVerifier [0x0116D4A7+2250711]
	GetHandleVerifier [0x00FC718B+521403]
	GetHandleVerifier [0x00FC6229+517465]
	Ordinal0 [0x00EDB79D+2078621]
	Ordinal0 [0x00EDFB58+2095960]
	Ordinal0 [0x00EDFC92+2096274]
	Ordinal0 [0x00EE9541+2135361]
	BaseThreadInitThunk [0x76276359+25]
	RtlGetAppContainerNamedObjectPath [0x779387A4+228]
	RtlGetAppContainerNamedObjectPath [0x77938774+180]
" type="org.openqa.selenium.SessionNotCreatedException">
      <![CDATA[org.openqa.selenium.SessionNotCreatedException: session not created
from disconnected: received Inspector.detached event
  (Session info: chrome=95.0.4638.54)
Build info: version: '3.9.0', revision: '698b3178f0', time: '2018-02-05T14:56:13.134Z'
System info: host: 'DESKTOP-SL4U3V5', ip: '192.168.1.201', os.name: 'Windows 10', os.arch: 'amd64', os.version: '10.0', java.version: '11.0.10'
Driver info: driver.version: ChromeDriver
remote stacktrace: Backtrace:
Ordinal0 [0x00F3BDE3+2473443]
Ordinal0 [0x00ED6661+2057825]
Ordinal0 [0x00DE2438+1057848]
Ordinal0 [0x00DD5774+1005428]
Ordinal0 [0x00DD53B6+1004470]
Ordinal0 [0x00DD4AFA+1002234]
Ordinal0 [0x00DD3C8D+998541]
Ordinal0 [0x00DD3F46+999238]
Ordinal0 [0x00DD3835+997429]
Ordinal0 [0x00DDE524+1041700]
Ordinal0 [0x00DD37F1+997361]
Ordinal0 [0x00DD4716+1001238]
Ordinal0 [0x00DD3C8D+998541]
Ordinal0 [0x00DD3F46+999238]
Ordinal0 [0x00DD3835+997429]
Ordinal0 [0x00DDC4FA+1033466]
Ordinal0 [0x00DD37F1+997361]
Ordinal0 [0x00DD4716+1001238]
Ordinal0 [0x00DD3C8D+998541]
Ordinal0 [0x00DD3F46+999238]
Ordinal0 [0x00DD3835+997429]
Ordinal0 [0x00DDA319+1024793]
Ordinal0 [0x00DD37F1+997361]
Ordinal0 [0x00DD4716+1001238]
Ordinal0 [0x00DD3C8D+998541]
Ordinal0 [0x00DD3F46+999238]
Ordinal0 [0x00DD3835+997429]
Ordinal0 [0x00DD963C+1021500]
Ordinal0 [0x00DD37F1+997361]
Ordinal0 [0x00DD4716+1001238]
Ordinal0 [0x00DD3C8D+998541]
Ordinal0 [0x00DD3F46+999238]
Ordinal0 [0x00DD3835+997429]
Ordinal0 [0x00DCF41D+979997]
Ordinal0 [0x00DD37F1+997361]
Ordinal0 [0x00DD3590+996752]
Ordinal0 [0x00DD3329+996137]
Ordinal0 [0x00DE3650+1062480]
Ordinal0 [0x00E2AAAA+1354410]
Ordinal0 [0x00E2974A+1349450]
Ordinal0 [0x00E255AB+1332651]
Ordinal0 [0x00E02104+1188100]
Ordinal0 [0x00E02F59+1191769]
GetHandleVerifier [0x010C2266+1549718]
GetHandleVerifier [0x0116D4A7+2250711]
GetHandleVerifier [0x00FC718B+521403]
GetHandleVerifier [0x00FC6229+517465]
Ordinal0 [0x00EDB79D+2078621]
Ordinal0 [0x00EDFB58+2095960]
Ordinal0 [0x00EDFC92+2096274]
Ordinal0 [0x00EE9541+2135361]
BaseThreadInitThunk [0x76276359+25]
RtlGetAppContainerNamedObjectPath [0x779387A4+228]
RtlGetAppContainerNamedObjectPath [0x77938774+180]

at java.base/jdk.internal.reflect.NativeConstructorAccessorImpl.newInstance0(Native Method)
at java.base/jdk.internal.reflect.NativeConstructorAccessorImpl.newInstance(NativeConstructorAccessorImpl.java:62)
at java.base/jdk.internal.reflect.DelegatingConstructorAccessorImpl.newInstance(DelegatingConstructorAccessorImpl.java:45)
at java.base/java.lang.reflect.Constructor.newInstance(Constructor.java:490)
at org.openqa.selenium.remote.W3CHandshakeResponse.lambda$new$0(W3CHandshakeResponse.java:57)
at org.openqa.selenium.remote.W3CHandshakeResponse.lambda$getResponseFunction$2(W3CHandshakeResponse.java:104)
at org.openqa.selenium.remote.ProtocolHandshake.lambda$createSession$0(ProtocolHandshake.java:123)
at java.base/java.util.stream.ReferencePipeline$3$1.accept(ReferencePipeline.java:195)
at java.base/java.util.Spliterators$ArraySpliterator.tryAdvance(Spliterators.java:958)
at java.base/java.util.stream.ReferencePipeline.forEachWithCancel(ReferencePipeline.java:127)
at java.base/java.util.stream.AbstractPipeline.copyIntoWithCancel(AbstractPipeline.java:502)
at java.base/java.util.stream.AbstractPipeline.copyInto(AbstractPipeline.java:488)
at java.base/java.util.stream.AbstractPipeline.wrapAndCopyInto(AbstractPipeline.java:474)
at java.base/java.util.stream.FindOps$FindOp.evaluateSequential(FindOps.java:150)
at java.base/java.util.stream.AbstractPipeline.evaluate(AbstractPipeline.java:234)
at java.base/java.util.stream.ReferencePipeline.findFirst(ReferencePipeline.java:543)
at org.openqa.selenium.remote.ProtocolHandshake.createSession(ProtocolHandshake.java:126)
at org.openqa.selenium.remote.ProtocolHandshake.createSession(ProtocolHandshake.java:73)
at org.openqa.selenium.remote.HttpCommandExecutor.execute(HttpCommandExecutor.java:138)
at org.openqa.selenium.remote.service.DriverCommandExecutor.execute(DriverCommandExecutor.java:83)
at org.openqa.selenium.remote.RemoteWebDriver.execute(RemoteWebDriver.java:601)
at org.openqa.selenium.remote.RemoteWebDriver.startSession(RemoteWebDriver.java:219)
at org.openqa.selenium.remote.RemoteWebDriver.<init>(RemoteWebDriver.java:142)
at org.openqa.selenium.chrome.ChromeDriver.<init>(ChromeDriver.java:181)
at org.openqa.selenium.chrome.ChromeDriver.<init>(ChromeDriver.java:168)
at org.openqa.selenium.chrome.ChromeDriver.<init>(ChromeDriver.java:123)
at jbkselinium1.Testclass1.test5(Testclass1.java:65)
at java.base/jdk.internal.reflect.NativeMethodAccessorImpl.invoke0(Native Method)
at java.base/jdk.internal.reflect.NativeMethodAccessorImpl.invoke(NativeMethodAccessorImpl.java:62)
at java.base/jdk.internal.reflect.DelegatingMethodAccessorImpl.invoke(DelegatingMethodAccessorImpl.java:43)
at java.base/java.lang.reflect.Method.invoke(Method.java:566)
at org.testng.internal.MethodInvocationHelper.invokeMethod(MethodInvocationHelper.java:133)
at org.testng.internal.TestInvoker.invokeMethod(TestInvoker.java:598)
at org.testng.internal.TestInvoker.invokeTestMethod(TestInvoker.java:173)
at org.testng.internal.MethodRunner.runInSequence(MethodRunner.java:46)
at org.testng.internal.TestInvoker$MethodInvocationAgent.invoke(TestInvoker.java:824)
at org.testng.internal.TestInvoker.invokeTestMethods(TestInvoker.java:146)
at org.testng.internal.TestMethodWorker.invokeTestMethods(TestMethodWorker.java:146)
at org.testng.internal.TestMethodWorker.run(TestMethodWorker.java:128)
at java.base/java.util.ArrayList.forEach(ArrayList.java:1541)
at org.testng.TestRunner.privateRun(TestRunner.java:794)
at org.testng.TestRunner.run(TestRunner.java:596)
at org.testng.SuiteRunner.runTest(SuiteRunner.java:377)
at org.testng.SuiteRunner.runSequentially(SuiteRunner.java:371)
at org.testng.SuiteRunner.privateRun(SuiteRunner.java:332)
at org.testng.SuiteRunner.run(SuiteRunner.java:276)
at org.testng.SuiteRunnerWorker.runSuite(SuiteRunnerWorker.java:53)
at org.testng.SuiteRunnerWorker.run(SuiteRunnerWorker.java:96)
at org.testng.TestNG.runSuitesSequentially(TestNG.java:1212)
at org.testng.TestNG.runSuitesLocally(TestNG.java:1134)
at org.testng.TestNG.runSuites(TestNG.java:1063)
at org.testng.TestNG.run(TestNG.java:1031)
at org.testng.remote.AbstractRemoteTestNG.run(AbstractRemoteTestNG.java:115)
at org.testng.remote.RemoteTestNG.initAndRun(RemoteTestNG.java:251)
at org.testng.remote.RemoteTestNG.main(RemoteTestNG.java:77)
]]>
    </error>
  </testcase> <!-- test5 -->
  <system-out/>
</testsuite> <!-- jbkselinium1.Testclass1 -->
